
Fri Dec 20 2013 12:35:30 GMT+0100 (CET) note > Server launch : 

Fri Dec 20 2013 12:37:00 GMT+0100 (CET) note > Server launch : 

Fri Dec 20 2013 12:37:43 GMT+0100 (CET) note > Server launch : 

Fri Dec 20 2013 12:38:58 GMT+0100 (CET) note > Server launch : 

Fri Dec 20 2013 12:39:43 GMT+0100 (CET) note > Server launch : 

Fri Dec 20 2013 12:40:25 GMT+0100 (CET) note > Server launch : 

Fri Dec 20 2013 12:48:06 GMT+0100 (CET) note > Server launch : 

Fri Dec 20 2013 12:54:38 GMT+0100 (CET) note > Server launch : 

Fri Dec 20 2013 13:07:20 GMT+0100 (CET) note > Server launch : 

Fri Dec 20 2013 13:13:10 GMT+0100 (CET) note > Server launch : 

Thu Jan 02 2014 08:05:25 GMT+0100 (CET) note > Server launch : 

Wed Jan 08 2014 14:31:51 GMT+0100 (CET) note > Server launch : 

Fri Jan 17 2014 08:57:20 GMT+0100 (CET) note > Server launch : 
Fri Jan 17 2014 08:59:52 GMT+0100 (CET) note > Reaching foo : 1

Fri Jan 17 2014 10:41:55 GMT+0100 (CET) note > Server launch : 
Fri Jan 17 2014 10:42:05 GMT+0100 (CET) note > Reaching foo : 1

Fri Jan 17 2014 11:13:47 GMT+0100 (CET) note > Server launch : 

Fri Jan 17 2014 11:15:27 GMT+0100 (CET) note > Server launch : 

Fri Jan 17 2014 11:18:37 GMT+0100 (CET) note > Server launch : 

Wed Jan 22 2014 11:29:52 GMT+0100 (CET) note > Server launch : 

Wed Jan 22 2014 11:29:53 GMT+0100 (CET) note > Server launch : 

Wed Jan 22 2014 11:33:12 GMT+0100 (CET) note > Server launch : 

Wed Jan 22 2014 11:49:41 GMT+0100 (CET) note > Server launch : 

Wed Jan 22 2014 11:50:05 GMT+0100 (CET) note > Server launch : 

Wed Jan 22 2014 11:50:46 GMT+0100 (CET) note > Server launch : 
